d:\etien_000\projets\c++\moteurphysique\collisionengine_vs2015\collisionengine\debug\vc140.pdb
d:\etien_000\projets\c++\moteurphysique\collisionengine_vs2015\collisionengine\debug\vc140.idb
d:\etien_000\projets\c++\moteurphysique\collisionengine_vs2015\collisionengine\debug\aabb.obj
d:\etien_000\projets\c++\moteurphysique\collisionengine_vs2015\collisionengine\debug\broadphasesweepandprune.obj
d:\etien_000\projets\c++\moteurphysique\collisionengine_vs2015\collisionengine\debug\main.obj
d:\etien_000\projets\c++\moteurphysique\collisionengine_vs2015\collisionengine\debug\globalevariables.obj
d:\etien_000\projets\c++\moteurphysique\collisionengine_vs2015\collisionengine\debug\maths.obj
d:\etien_000\projets\c++\moteurphysique\collisionengine_vs2015\collisionengine\debug\physicengine.obj
d:\etien_000\projets\c++\moteurphysique\collisionengine_vs2015\collisionengine\debug\polygon.obj
d:\etien_000\projets\c++\moteurphysique\collisionengine_vs2015\collisionengine\debug\renderer.obj
d:\etien_000\projets\c++\moteurphysique\collisionengine_vs2015\collisionengine\debug\scenemanager.obj
d:\etien_000\projets\c++\moteurphysique\collisionengine_vs2015\collisionengine\debug\sdlrenderwindow.obj
d:\etien_000\projets\c++\moteurphysique\collisionengine_vs2015\collisionengine\debug\timer.obj
d:\etien_000\projets\c++\moteurphysique\collisionengine_vs2015\collisionengine\debug\stdafx.obj
d:\etien_000\projets\c++\moteurphysique\collisionengine_vs2015\collisionengine\debug\world.obj
d:\etien_000\projets\c++\moteurphysique\collisionengine_vs2015\debug\collisionengine.ilk
d:\etien_000\projets\c++\moteurphysique\collisionengine_vs2015\debug\collisionengine.exe
d:\etien_000\projets\c++\moteurphysique\collisionengine_vs2015\debug\collisionengine.pdb
d:\etien_000\projets\c++\moteurphysique\collisionengine_vs2015\collisionengine\debug\collisionengine.tlog\cl.read.1.tlog
d:\etien_000\projets\c++\moteurphysique\collisionengine_vs2015\collisionengine\debug\collisionengine.tlog\cl.write.1.tlog
d:\etien_000\projets\c++\moteurphysique\collisionengine_vs2015\collisionengine\debug\collisionengine.tlog\cl.command.1.tlog
d:\etien_000\projets\c++\moteurphysique\collisionengine_vs2015\collisionengine\debug\collisionengine.tlog\link.read.1.tlog
d:\etien_000\projets\c++\moteurphysique\collisionengine_vs2015\collisionengine\debug\collisionengine.tlog\link.write.1.tlog
d:\etien_000\projets\c++\moteurphysique\collisionengine_vs2015\collisionengine\debug\collisionengine.tlog\link.command.1.tlog
